23:33:00 **** Incremental Build of configuration Debug for project STM32_uartPrintf ****
make -j12 all 
arm-none-eabi-gcc "../Core/Src/main.c" -mcpu=cortex-m0plus -std=gnu11 -g3 -DDEBUG -DSTM32L073xx -DUSE_FULL_LL_DRIVER -DUSE_HAL_DRIVER -c -I../Core/Inc -I../Drivers/STM32L0xx_HAL_Driver/Inc -I../Drivers/CMSIS/Device/ST/STM32L0xx/Include -I../Drivers/CMSIS/Include -I../Drivers/STM32L0xx_HAL_Driver/Inc/Legacy -O0 -ffunction-sections -fdata-sections -Wall -fstack-usage -fcyclomatic-complexity -MMD -MP -MF"Core/Src/main.d" -MT"Core/Src/main.o" --specs=nano.specs -mfloat-abi=soft -mthumb -o "Core/Src/main.o"
arm-none-eabi-gcc -o "STM32_uartPrintf.elf" @"objects.list"   -mcpu=cortex-m0plus -T"C:\Users\pierr\STM32CubeIDE\workspace_2.0.0\STM32L073_uartPrintf\STM32_uartPrintf\STM32L073RZTX_FLASH.ld" --specs=nosys.specs -Wl,-Map="STM32_uartPrintf.map" -Wl,--gc-sections -static -u _printf_float --specs=nano.specs -mfloat-abi=soft -mthumb -Wl,--start-group -lc -lm -Wl,--end-group
C:/ST/STM32CubeIDE_2.0.0/STM32CubeIDE/plugins/com.st.stm32cube.ide.mcu.externaltools.gnu-tools-for-stm32.13.3.rel1.win32_1.0.100.202509120712/tools/bin/../lib/gcc/arm-none-eabi/13.3.1/../../../../arm-none-eabi/bin/ld.exe: ./Core/Src/main.o:C:/Users/pierr/STM32CubeIDE/workspace_2.0.0/STM32L073_uartPrintf/STM32_uartPrintf/Debug/../Core/Src/main.c:66: multiple definition of `Temperature'; ./Core/Src/DHT.o:C:/Users/pierr/STM32CubeIDE/workspace_2.0.0/STM32L073_uartPrintf/STM32_uartPrintf/Debug/../Core/Src/DHT.c:11: first defined here
C:/ST/STM32CubeIDE_2.0.0/STM32CubeIDE/plugins/com.st.stm32cube.ide.mcu.externaltools.gnu-tools-for-stm32.13.3.rel1.win32_1.0.100.202509120712/tools/bin/../lib/gcc/arm-none-eabi/13.3.1/../../../../arm-none-eabi/bin/ld.exe: ./Core/Src/main.o:C:/Users/pierr/STM32CubeIDE/workspace_2.0.0/STM32L073_uartPrintf/STM32_uartPrintf/Debug/../Core/Src/main.c:67: multiple definition of `Humidity'; ./Core/Src/DHT.o:C:/Users/pierr/STM32CubeIDE/workspace_2.0.0/STM32L073_uartPrintf/STM32_uartPrintf/Debug/../Core/Src/DHT.c:12: first defined here
C:/ST/STM32CubeIDE_2.0.0/STM32CubeIDE/plugins/com.st.stm32cube.ide.mcu.externaltools.gnu-tools-for-stm32.13.3.rel1.win32_1.0.100.202509120712/tools/bin/../lib/gcc/arm-none-eabi/13.3.1/../../../../arm-none-eabi/bin/ld.exe: ./Core/Src/main.o:C:/Users/pierr/STM32CubeIDE/workspace_2.0.0/STM32L073_uartPrintf/STM32_uartPrintf/Debug/../Core/Src/main.c:68: multiple definition of `Presence'; ./Core/Src/DHT.o:C:/Users/pierr/STM32CubeIDE/workspace_2.0.0/STM32L073_uartPrintf/STM32_uartPrintf/Debug/../Core/Src/DHT.c:13: first defined here
C:/ST/STM32CubeIDE_2.0.0/STM32CubeIDE/plugins/com.st.stm32cube.ide.mcu.externaltools.gnu-tools-for-stm32.13.3.rel1.win32_1.0.100.202509120712/tools/bin/../lib/gcc/arm-none-eabi/13.3.1/../../../../arm-none-eabi/bin/ld.exe: ./Core/Src/main.o: in function `DHT22_Start':
C:/Users/pierr/STM32CubeIDE/workspace_2.0.0/STM32L073_uartPrintf/STM32_uartPrintf/Debug/../Core/Src/main.c:94: multiple definition of `DHT22_Start'; ./Core/Src/DHT.o:C:/Users/pierr/STM32CubeIDE/workspace_2.0.0/STM32L073_uartPrintf/STM32_uartPrintf/Debug/../Core/Src/DHT.c:42: first defined here
C:/ST/STM32CubeIDE_2.0.0/STM32CubeIDE/plugins/com.st.stm32cube.ide.mcu.externaltools.gnu-tools-for-stm32.13.3.rel1.win32_1.0.100.202509120712/tools/bin/../lib/gcc/arm-none-eabi/13.3.1/../../../../arm-none-eabi/bin/ld.exe: ./Core/Src/main.o: in function `DHT22_Check_Response':
C:/Users/pierr/STM32CubeIDE/workspace_2.0.0/STM32L073_uartPrintf/STM32_uartPrintf/Debug/../Core/Src/main.c:106: multiple definition of `DHT22_Check_Response'; ./Core/Src/DHT.o:C:/Users/pierr/STM32CubeIDE/workspace_2.0.0/STM32L073_uartPrintf/STM32_uartPrintf/Debug/../Core/Src/DHT.c:52: first defined here
C:/ST/STM32CubeIDE_2.0.0/STM32CubeIDE/plugins/com.st.stm32cube.ide.mcu.externaltools.gnu-tools-for-stm32.13.3.rel1.win32_1.0.100.202509120712/tools/bin/../lib/gcc/arm-none-eabi/13.3.1/../../../../arm-none-eabi/bin/ld.exe: ./Core/Src/main.o: in function `DHT22_Read':
C:/Users/pierr/STM32CubeIDE/workspace_2.0.0/STM32L073_uartPrintf/STM32_uartPrintf/Debug/../Core/Src/main.c:123: multiple definition of `DHT22_Read'; ./Core/Src/DHT.o:C:/Users/pierr/STM32CubeIDE/workspace_2.0.0/STM32L073_uartPrintf/STM32_uartPrintf/Debug/../Core/Src/DHT.c:67: first defined here
C:/ST/STM32CubeIDE_2.0.0/STM32CubeIDE/plugins/com.st.stm32cube.ide.mcu.externaltools.gnu-tools-for-stm32.13.3.rel1.win32_1.0.100.202509120712/tools/bin/../lib/gcc/arm-none-eabi/13.3.1/../../../../arm-none-eabi/bin/ld.exe: C:/ST/STM32CubeIDE_2.0.0/STM32CubeIDE/plugins/com.st.stm32cube.ide.mcu.externaltools.gnu-tools-for-stm32.13.3.rel1.win32_1.0.100.202509120712/tools/bin/../lib/gcc/arm-none-eabi/13.3.1/../../../../arm-none-eabi/lib/thumb/v6-m/nofp\libc_nano.a(libc_a-signalr.o): in function `_getpid_r':
C:/ST/STM32CubeIDE_2.0.0/STM32CubeIDE/plugins/com.st.stm32cube.ide.mcu.externaltools.gnu-tools-for-stm32.13.3.rel1.win32_1.0.100.202509120712/tools/bin/../lib/gcc/arm-none-eabi/13.3.1/../../../../arm-none-eabi/bin/ld.exe: C:/ST/STM32CubeIDE_2.0.0/STM32CubeIDE/plugins/com.st.stm32cube.ide.mcu.externaltools.gnu-tools-for-stm32.13.3.rel1.win32_1.0.100.202509120712/tools/bin/../lib/gcc/arm-none-eabi/13.3.1/../../../../arm-none-eabi/lib/thumb/v6-m/nofp\libc_nano.a(libc_a-signalr.o): note: the message above does not take linker garbage collection into account
(.text._getpid_r+0x2): warning: _getpid is not implemented and will always fail
C:/ST/STM32CubeIDE_2.0.0/STM32CubeIDE/plugins/com.st.stm32cube.ide.mcu.externaltools.gnu-tools-for-stm32.13.3.rel1.win32_1.0.100.202509120712/tools/bin/../lib/gcc/arm-none-eabi/13.3.1/../../../../arm-none-eabi/bin/ld.exe: C:/ST/STM32CubeIDE_2.0.0/STM32CubeIDE/plugins/com.st.stm32cube.ide.mcu.externaltools.gnu-tools-for-stm32.13.3.rel1.win32_1.0.100.202509120712/tools/bin/../lib/gcc/arm-none-eabi/13.3.1/../../../../arm-none-eabi/lib/thumb/v6-m/nofp\libc_nano.a(libc_a-signalr.o): in function `_kill_r':
(.text._kill_r+0xe): warning: _kill is not implemented and will always fail
C:/ST/STM32CubeIDE_2.0.0/STM32CubeIDE/plugins/com.st.stm32cube.ide.mcu.externaltools.gnu-tools-for-stm32.13.3.rel1.win32_1.0.100.202509120712/tools/bin/../lib/gcc/arm-none-eabi/13.3.1/../../../../arm-none-eabi/bin/ld.exe: C:/ST/STM32CubeIDE_2.0.0/STM32CubeIDE/plugins/com.st.stm32cube.ide.mcu.externaltools.gnu-tools-for-stm32.13.3.rel1.win32_1.0.100.202509120712/tools/bin/../lib/gcc/arm-none-eabi/13.3.1/../../../../arm-none-eabi/lib/thumb/v6-m/nofp\libc_nano.a(libc_a-signalr.o): note: the message above does not take linker garbage collection into account
C:/ST/STM32CubeIDE_2.0.0/STM32CubeIDE/plugins/com.st.stm32cube.ide.mcu.externaltools.gnu-tools-for-stm32.13.3.rel1.win32_1.0.100.202509120712/tools/bin/../lib/gcc/arm-none-eabi/13.3.1/../../../../arm-none-eabi/bin/ld.exe: warning: STM32_uartPrintf.elf has a LOAD segment with RWX permissions
collect2.exe: error: ld returned 1 exit status
make: *** [makefile:64: STM32_uartPrintf.elf] Error 1
"make -j12 all" terminated with exit code 2. Build might be incomplete.

23:33:04 Build Failed. 9 errors, 3 warnings. (took 3s.558ms)

